# JRE version: Java(TM) SE Runtime Environment (8.0_151-b12) (build 1.8.0_151-b12)
# Java VM: Java HotSpot(TM) 64-Bit Server VM (25.151-b12 mixed mode windows-amd64 compressed oops)
Heap:
 PSYoungGen      total 138240K, used 32156K [0x00000000d5e00000, 0x00000000e4680000, 0x0000000100000000)
  eden space 133120K, 20% used [0x00000000d5e00000,0x00000000d786a000,0x00000000de000000)
  from space 5120K, 99% used [0x00000000de000000,0x00000000de4fd020,0x00000000de500000)
  to   space 16896K, 0% used [0x00000000e3600000,0x00000000e3600000,0x00000000e4680000)
 ParOldGen       total 61440K, used 16822K [0x0000000081a00000, 0x0000000085600000, 0x00000000d5e00000)
  object space 61440K, 27% used [0x0000000081a00000,0x0000000082a6dae8,0x0000000085600000)
 Metaspace       used 32775K, capacity 35110K, committed 35328K, reserved 1081344K
  class space    used 4450K, capacity 4861K, committed 4864K, reserved 1048576K
GC Heap History (10 events):
Event: 1.868 GC heap before
{Heap before GC invocations=2 (full 0):
 PSYoungGen      total 38400K, used 37906K [0x00000000d5e00000, 0x00000000da900000, 0x0000000100000000)
  eden space 33280K, 100% used [0x00000000d5e00000,0x00000000d7e80000,0x00000000d7e80000)
  from space 5120K, 90% used [0x00000000d7e80000,0x00000000d83048d0,0x00000000d8380000)
  to   space 5120K, 0% used [0x00000000da400000,0x00000000da400000,0x00000000da900000)
 ParOldGen       total 87552K, used 8K [0x0000000081a00000, 0x0000000086f80000, 0x00000000d5e00000)
  object space 87552K, 0% used [0x0000000081a00000,0x0000000081a02000,0x0000000086f80000)
 Metaspace       used 14760K, capacity 15478K, committed 15744K, reserved 1062912K
  class space    used 1931K, capacity 2101K, committed 2176K, reserved 1048576K
Event: 1.875 GC heap after
Heap after GC invocations=2 (full 0):
 PSYoungGen      total 71680K, used 5097K [0x00000000d5e00000, 0x00000000da900000, 0x0000000100000000)
  eden space 66560K, 0% used [0x00000000d5e00000,0x00000000d5e00000,0x00000000d9f00000)
  from space 5120K, 99% used [0x00000000da400000,0x00000000da8fa740,0x00000000da900000)
  to   space 5120K, 0% used [0x00000000d9f00000,0x00000000d9f00000,0x00000000da400000)
 ParOldGen       total 87552K, used 1357K [0x0000000081a00000, 0x0000000086f80000, 0x00000000d5e00000)
  object space 87552K, 1% used [0x0000000081a00000,0x0000000081b534b8,0x0000000086f80000)
 Metaspace       used 14760K, capacity 15478K, committed 15744K, reserved 1062912K
  class space    used 1931K, capacity 2101K, committed 2176K, reserved 1048576K
}
Event: 2.592 GC heap before
{Heap before GC invocations=3 (full 0):
 PSYoungGen      total 71680K, used 71657K [0x00000000d5e00000, 0x00000000da900000, 0x0000000100000000)
  eden space 66560K, 100% used [0x00000000d5e00000,0x00000000d9f00000,0x00000000d9f00000)
  from space 5120K, 99% used [0x00000000da400000,0x00000000da8fa740,0x00000000da900000)
  to   space 5120K, 0% used [0x00000000d9f00000,0x00000000d9f00000,0x00000000da400000)
 ParOldGen       total 87552K, used 1357K [0x0000000081a00000, 0x0000000086f80000, 0x00000000d5e00000)
  object space 87552K, 1% used [0x0000000081a00000,0x0000000081b534b8,0x0000000086f80000)
 Metaspace       used 19723K, capacity 20734K, committed 20992K, reserved 1067008K
  class space    used 2601K, capacity 2813K, committed 2816K, reserved 1048576K
Event: 2.604 GC heap after
Heap after GC invocations=3 (full 0):
 PSYoungGen      total 71680K, used 5112K [0x00000000d5e00000, 0x00000000dea00000, 0x0000000100000000)
  eden space 66560K, 0% used [0x00000000d5e00000,0x00000000d5e00000,0x00000000d9f00000)
  from space 5120K, 99% used [0x00000000d9f00000,0x00000000da3fe030,0x00000000da400000)
  to   space 5120K, 0% used [0x00000000de500000,0x00000000de500000,0x00000000dea00000)
 ParOldGen       total 87552K, used 7854K [0x0000000081a00000, 0x0000000086f80000, 0x00000000d5e00000)
  object space 87552K, 8% used [0x0000000081a00000,0x00000000821aba48,0x0000000086f80000)
 Metaspace       used 19723K, capacity 20734K, committed 20992K, reserved 1067008K
  class space    used 2601K, capacity 2813K, committed 2816K, reserved 1048576K
}
Event: 2.743 GC heap before
{Heap before GC invocations=4 (full 0):
 PSYoungGen      total 71680K, used 16300K [0x00000000d5e00000, 0x00000000dea00000, 0x0000000100000000)
  eden space 66560K, 16% used [0x00000000d5e00000,0x00000000d68ed370,0x00000000d9f00000)
  from space 5120K, 99% used [0x00000000d9f00000,0x00000000da3fe030,0x00000000da400000)
  to   space 5120K, 0% used [0x00000000de500000,0x00000000de500000,0x00000000dea00000)
 ParOldGen       total 87552K, used 7854K [0x0000000081a00000, 0x0000000086f80000, 0x00000000d5e00000)
  object space 87552K, 8% used [0x0000000081a00000,0x00000000821aba48,0x0000000086f80000)
 Metaspace       used 20214K, capacity 21240K, committed 21296K, reserved 1067008K
  class space    used 2680K, capacity 2904K, committed 2944K, reserved 1048576K
Event: 2.749 GC heap after
Heap after GC invocations=4 (full 0):
 PSYoungGen      total 138240K, used 5101K [0x00000000d5e00000, 0x00000000dea00000, 0x0000000100000000)
  eden space 133120K, 0% used [0x00000000d5e00000,0x00000000d5e00000,0x00000000de000000)
  from space 5120K, 99% used [0x00000000de500000,0x00000000de9fb798,0x00000000dea00000)
  to   space 5120K, 0% used [0x00000000de000000,0x00000000de000000,0x00000000de500000)
 ParOldGen       total 87552K, used 8385K [0x0000000081a00000, 0x0000000086f80000, 0x00000000d5e00000)
  object space 87552K, 9% used [0x0000000081a00000,0x00000000822306a8,0x0000000086f80000)
 Metaspace       used 20214K, capacity 21240K, committed 21296K, reserved 1067008K
  class space    used 2680K, capacity 2904K, committed 2944K, reserved 1048576K
}
Event: 2.749 GC heap before
{Heap before GC invocations=5 (full 1):
 PSYoungGen      total 138240K, used 5101K [0x00000000d5e00000, 0x00000000dea00000, 0x0000000100000000)
  eden space 133120K, 0% used [0x00000000d5e00000,0x00000000d5e00000,0x00000000de000000)
  from space 5120K, 99% used [0x00000000de500000,0x00000000de9fb798,0x00000000dea00000)
  to   space 5120K, 0% used [0x00000000de000000,0x00000000de000000,0x00000000de500000)
 ParOldGen       total 87552K, used 8385K [0x0000000081a00000, 0x0000000086f80000, 0x00000000d5e00000)
  object space 87552K, 9% used [0x0000000081a00000,0x00000000822306a8,0x0000000086f80000)
 Metaspace       used 20214K, capacity 21240K, committed 21296K, reserved 1067008K
  class space    used 2680K, capacity 2904K, committed 2944K, reserved 1048576K
Event: 2.793 GC heap after
Heap after GC invocations=5 (full 1):
 PSYoungGen      total 138240K, used 0K [0x00000000d5e00000, 0x00000000dea00000, 0x0000000100000000)
  eden space 133120K, 0% used [0x00000000d5e00000,0x00000000d5e00000,0x00000000de000000)
  from space 5120K, 0% used [0x00000000de500000,0x00000000de500000,0x00000000dea00000)
  to   space 5120K, 0% used [0x00000000de000000,0x00000000de000000,0x00000000de500000)
 ParOldGen       total 61440K, used 6675K [0x0000000081a00000, 0x0000000085600000, 0x00000000d5e00000)
  object space 61440K, 10% used [0x0000000081a00000,0x0000000082084fb8,0x0000000085600000)
 Metaspace       used 20214K, capacity 21240K, committed 21296K, reserved 1067008K
  class space    used 2680K, capacity 2904K, committed 2944K, reserved 1048576K
}
Event: 5.597 GC heap before
{Heap before GC invocations=6 (full 1):
 PSYoungGen      total 138240K, used 133120K [0x00000000d5e00000, 0x00000000dea00000, 0x0000000100000000)
  eden space 133120K, 100% used [0x00000000d5e00000,0x00000000de000000,0x00000000de000000)
  from space 5120K, 0% used [0x00000000de500000,0x00000000de500000,0x00000000dea00000)
  to   space 5120K, 0% used [0x00000000de000000,0x00000000de000000,0x00000000de500000)
 ParOldGen       total 61440K, used 6675K [0x0000000081a00000, 0x0000000085600000, 0x00000000d5e00000)
  object space 61440K, 10% used [0x0000000081a00000,0x0000000082084fb8,0x0000000085600000)
 Metaspace       used 31087K, capacity 33336K, committed 33536K, reserved 1079296K
  class space    used 4178K, capacity 4590K, committed 4608K, reserved 1048576K
Event: 5.614 GC heap after
Heap after GC invocations=6 (full 1):
 PSYoungGen      total 138240K, used 5108K [0x00000000d5e00000, 0x00000000e4680000, 0x0000000100000000)
  eden space 133120K, 0% used [0x00000000d5e00000,0x00000000d5e00000,0x00000000de000000)
  from space 5120K, 99% used [0x00000000de000000,0x00000000de4fd020,0x00000000de500000)
  to   space 16896K, 0% used [0x00000000e3600000,0x00000000e3600000,0x00000000e4680000)
 ParOldGen       total 61440K, used 16822K [0x0000000081a00000, 0x0000000085600000, 0x00000000d5e00000)
  object space 61440K, 27% used [0x0000000081a00000,0x0000000082a6dae8,0x0000000085600000)
 Metaspace       used 31087K, capacity 33336K, committed 33536K, reserved 1079296K
  class space    used 4178K, capacity 4590K, committed 4608K, reserved 1048576K
}

